#
# There is insufficient memory for the Java Runtime Environment to continue.
# Native memory allocation (malloc) failed to allocate 1941760 bytes for Chunk::new
# Possible reasons:
#   The system is out of physical RAM or swap space
#   In 32 bit mode, the process size limit was hit
# Possible solutions:
#   Reduce memory load on the system
#   Increase physical memory or swap space
#   Check if swap backing store is full
#   Use 64 bit Java on a 64 bit OS
#   Decrease Java heap size (-Xmx/-Xms)
#   Decrease number of Java threads
#   Decrease Java thread stack sizes (-Xss)
#   Set larger code cache with -XX:ReservedCodeCacheSize=
# This output file may be truncated or incomplete.
#
#  Out of Memory Error (allocation.cpp:390), pid=7300, tid=0x0000000000000874
#
# JRE version: OpenJDK Runtime Environment (8.0_152-b01) (build 1.8.0_152-release-915-b01)
# Java VM: OpenJDK 64-Bit Server VM (25.152-b01 mixed mode windows-amd64 compressed oops)
# Failed to write core dump. Minidumps are not enabled by default on client versions of Windows
#

---------------  T H R E A D  ---------------

Current thread (0x000000001aedd800):  JavaThread "C2 CompilerThread1" daemon [_thread_in_native, id=2164, stack(0x000000001b7a0000,0x000000001b8a0000)]

Stack: [0x000000001b7a0000,0x000000001b8a0000]
[error occurred during error reporting (printing stack bounds), id 0xc0000005]

Native frames: (J=compiled Java code, j=interpreted, Vv=VM code, C=native code)


Current CompileTask:
C2:   1689 1245       4       java.net.URLClassLoader$1::run (5 bytes)


---------------  P R O C E S S  ---------------

Java Threads: ( => current thread )
  0x000000001d331000 JavaThread "Cache worker for file hash cache (D:\Documents\Github\OrderingApplication\RUAutomation\.gradle\4.1\fileHashes)" [_thread_blocked, id=1688, stack(0x000000001f9f0000,0x000000001faf0000)]
  0x000000001d225800 JavaThread "File lock request listener" [_thread_in_native, id=224, stack(0x000000001f6f0000,0x000000001f7f0000)]
  0x000000001d14a000 JavaThread "Cache worker for file hash cache (C:\Users\cczec\.gradle\caches\4.1\fileHashes)" [_thread_blocked, id=220, stack(0x000000001f5f0000,0x000000001f6f0000)]
  0x000000001ccaa000 JavaThread "Stdin handler" [_thread_blocked, id=236, stack(0x000000001f3f0000,0x000000001f4f0000)]
  0x000000001cca2800 JavaThread "Asynchronous log dispatcher for DefaultDaemonConnection: socket connection from /127.0.0.1:50791 to /127.0.0.1:50792" [_thread_blocked, id=8160, stack(0x000000001f2f0000,0x000000001f3f0000)]
  0x000000001cca6800 JavaThread "Daemon worker" [_thread_in_native, id=7176, stack(0x000000001f1f0000,0x000000001f2f0000)]
  0x000000001cebe800 JavaThread "Cancel handler" [_thread_blocked, id=2980, stack(0x000000001f0f0000,0x000000001f1f0000)]
  0x000000001cb9f000 JavaThread "Handler for socket connection from /127.0.0.1:50791 to /127.0.0.1:50792" [_thread_in_native, id=8136, stack(0x000000001edf0000,0x000000001eef0000)]
  0x000000001d18b000 JavaThread "Daemon" [_thread_blocked, id=8536, stack(0x000000001ecf0000,0x000000001edf0000)]
  0x000000001d180800 JavaThread "Daemon periodic checks" [_thread_blocked, id=2844, stack(0x000000001ebf0000,0x000000001ecf0000)]
  0x000000001d17f800 JavaThread "Incoming local TCP Connector on port 50791" [_thread_in_native, id=4688, stack(0x000000001d470000,0x000000001d570000)]
  0x000000001af7a800 JavaThread "Service Thread" daemon [_thread_blocked, id=896, stack(0x000000001baa0000,0x000000001bba0000)]
  0x000000001aee7000 JavaThread "C1 CompilerThread3" daemon [_thread_blocked, id=4876, stack(0x000000001b9a0000,0x000000001baa0000)]
  0x000000001aee1800 JavaThread "C2 CompilerThread2" daemon [_thread_in_native, id=6248, stack(0x000000001b8a0000,0x000000001b9a0000)]
=>0x000000001aedd800 JavaThread "C2 CompilerThread1" daemon [_thread_in_native, id=2164, stack(0x000000001b7a0000,0x000000001b8a0000)]
  0x000000001aeda000 JavaThread "C2 CompilerThread0" daemon [_thread_blocked, id=9060, stack(0x000000001b6a0000,0x000000001b7a0000)]
  0x000000001aed8800 JavaThread "Attach Listener" daemon [_thread_blocked, id=4772, stack(0x000000001b5a0000,0x000000001b6a0000)]
  0x000000001aed7800 JavaThread "Signal Dispatcher" daemon [_thread_blocked, id=8080, stack(0x000000001b4a0000,0x000000001b5a0000)]
  0x000000000520e000 JavaThread "Finalizer" daemon [_thread_blocked, id=8456, stack(0x000000001b2b0000,0x000000001b3b0000)]
  0x0000000005207000 JavaThread "Reference Handler" daemon [_thread_blocked, id=8556, stack(0x000000001adb0000,0x000000001aeb0000)]
  0x000000000500d800 JavaThread "main" [_thread_blocked, id=3668, stack(0x0000000005010000,0x0000000005110000)]

Other Threads:
  0x0000000018fc7800 VMThread [stack: 0x000000001acb0000,0x000000001adb0000] [id=8472]
  0x000000001af7b800 WatcherThread [stack: 0x000000001bba0000,0x000000001bca0000] [id=6300]

VM state:not at safepoint (normal execution)

VM Mutex/Monitor currently owned by a thread: None

Heap:
 PSYoungGen      total 38400K, used 17783K [0x00000000e0000000, 0x00000000e2a80000, 0x0000000100000000)
  eden space 33280K, 38% used [0x00000000e0000000,0x00000000e0c61c18,0x00000000e2080000)
  from space 5120K, 99% used [0x00000000e2080000,0x00000000e257c030,0x00000000e2580000)
  to   space 5120K, 0% used [0x00000000e2580000,0x00000000e2580000,0x00000000e2a80000)
 ParOldGen       total 87552K, used 4051K [0x00000000a0000000, 0x00000000a5580000, 0x00000000e0000000)
  object space 87552K, 4% used [0x00000000a0000000,0x00000000a03f4de8,0x00000000a5580000)
 Metaspace       used 17282K, capacity 17662K, committed 18048K, reserved 1064960K
  class space    used 2457K, capacity 2599K, committed 2688K, reserved 1048576K

Card table byte_map: [0x00000000145d0000,0x00000000148e0000] byte_map_base: 0x00000000140d0000

Marking Bits: (ParMarkBitMap*) 0x0000000052b73950
 Begin Bits: [0x00000000152e0000, 0x0000000016ae0000)
 End Bits:   [0x0000000016ae0000, 0x00000000182e0000)

Polling page: 0x0000000000ff0000

CodeCache: size=245760Kb used=5238Kb max_used=5238Kb free=240521Kb
 bounds [0x0000000005210000, 0x0000000005740000, 0x0000000014210000]
 total_blobs=1922 nmethods=1544 adapters=291
 compilation: enabled

Compilation events (10 events):
Event: 1.681 Thread 0x000000001aee7000 nmethod 1544 0x000000000572ef50 code [0x000000000572f160, 0x000000000572fa88]
Event: 1.681 Thread 0x000000001aeda000 nmethod 1542 0x000000000572fdd0 code [0x000000000572ff40, 0x0000000005730398]
Event: 1.684 Thread 0x000000001aee7000 1545       3       java.io.File::slashify (84 bytes)
Event: 1.685 Thread 0x000000001aee7000 nmethod 1545 0x00000000057306d0 code [0x0000000005730940, 0x0000000005731b48]
Event: 1.685 Thread 0x000000001aee7000 1548       3       java.net.URI$Parser::scan (73 bytes)
Event: 1.686 Thread 0x000000001aee7000 nmethod 1548 0x000000000572b8d0 code [0x000000000572baa0, 0x000000000572c1e8]
Event: 1.686 Thread 0x000000001aee7000 1546       3       java.net.URI::<init> (13 bytes)
Event: 1.686 Thread 0x000000001aee7000 nmethod 1546 0x000000000572b510 code [0x000000000572b680, 0x000000000572b828]
Event: 1.686 Thread 0x000000001aee7000 1547       3       java.net.URI::<init> (81 bytes)
Event: 1.687 Thread 0x000000001aee7000 nmethod 1547 0x000000000572e590 code [0x000000000572e740, 0x000000000572ece8]

GC Heap History (6 events):
Event: 0.533 GC heap before
{Heap before GC invocations=1 (full 0):
 PSYoungGen      total 38400K, used 33280K [0x00000000e0000000, 0x00000000e2a80000, 0x0000000100000000)
  eden space 33280K, 100% used [0x00000000e0000000,0x00000000e2080000,0x00000000e2080000)
  from space 5120K, 0% used [0x00000000e2580000,0x00000000e2580000,0x00000000e2a80000)
  to   space 5120K, 0% used [0x00000000e2080000,0x00000000e2080000,0x00000000e2580000)
 ParOldGen       total 87552K, used 0K [0x00000000a0000000, 0x00000000a5580000, 0x00000000e0000000)
  object space 87552K, 0% used [0x00000000a0000000,0x00000000a0000000,0x00000000a5580000)
 Metaspace       used 6588K, capacity 6766K, committed 7040K, reserved 1056768K
  class space    used 799K, capacity 875K, committed 896K, reserved 1048576K
Event: 0.537 GC heap after
Heap after GC invocations=1 (full 0):
 PSYoungGen      total 38400K, used 4055K [0x00000000e0000000, 0x00000000e2a80000, 0x0000000100000000)
  eden space 33280K, 0% used [0x00000000e0000000,0x00000000e0000000,0x00000000e2080000)
  from space 5120K, 79% used [0x00000000e2080000,0x00000000e2475cf8,0x00000000e2580000)
  to   space 5120K, 0% used [0x00000000e2580000,0x00000000e2580000,0x00000000e2a80000)
 ParOldGen       total 87552K, used 8K [0x00000000a0000000, 0x00000000a5580000, 0x00000000e0000000)
  object space 87552K, 0% used [0x00000000a0000000,0x00000000a0002000,0x00000000a5580000)
 Metaspace       used 6588K, capacity 6766K, committed 7040K, reserved 1056768K
  class space    used 799K, capacity 875K, committed 896K, reserved 1048576K
}
Event: 1.165 GC heap before
{Heap before GC invocations=2 (full 0):
 PSYoungGen      total 38400K, used 37335K [0x00000000e0000000, 0x00000000e2a80000, 0x0000000100000000)
  eden space 33280K, 100% used [0x00000000e0000000,0x00000000e2080000,0x00000000e2080000)
  from space 5120K, 79% used [0x00000000e2080000,0x00000000e2475cf8,0x00000000e2580000)
  to   space 5120K, 0% used [0x00000000e2580000,0x00000000e2580000,0x00000000e2a80000)
 ParOldGen       total 87552K, used 8K [0x00000000a0000000, 0x00000000a5580000, 0x00000000e0000000)
  object space 87552K, 0% used [0x00000000a0000000,0x00000000a0002000,0x00000000a5580000)
 Metaspace       used 12285K, capacity 12674K, committed 12928K, reserved 1060864K
  class space    used 1660K, capacity 1793K, committed 1920K, reserved 1048576K
Event: 1.170 GC heap after
Heap after GC invocations=2 (full 0):
 PSYoungGen      total 38400K, used 5096K [0x00000000e0000000, 0x00000000e2a80000, 0x0000000100000000)
  eden space 33280K, 0% used [0x00000000e0000000,0x00000000e0000000,0x00000000e2080000)
  from space 5120K, 99% used [0x00000000e2580000,0x00000000e2a7a080,0x00000000e2a80000)
  to   space 5120K, 0% used [0x00000000e2080000,0x00000000e2080000,0x00000000e2580000)
 ParOldGen       total 87552K, used 1110K [0x00000000a0000000, 0x00000000a5580000, 0x00000000e0000000)
  object space 87552K, 1% used [0x00000000a0000000,0x00000000a0115aa0,0x00000000a5580000)
 Metaspace       used 12285K, capacity 12674K, committed 12928K, reserved 1060864K
  class space    used 1660K, capacity 1793K, committed 1920K, reserved 1048576K
}
Event: 1.480 GC heap before
{Heap before GC invocations=3 (full 0):
 PSYoungGen      total 38400K, used 38376K [0x00000000e0000000, 0x00000000e2a80000, 0x0000000100000000)
  eden space 33280K, 100% used [0x00000000e0000000,0x00000000e2080000,0x00000000e2080000)
  from space 5120K, 99% used [0x00000000e2580000,0x00000000e2a7a080,0x00000000e2a80000)
  to   space 5120K, 0% used [0x00000000e2080000,0x00000000e2080000,0x00000000e2580000)
 ParOldGen       total 87552K, used 1110K [0x00000000a0000000, 0x00000000a5580000, 0x00000000e0000000)
  object space 87552K, 1% used [0x00000000a0000000,0x00000000a0115aa0,0x00000000a5580000)
 Metaspace       used 15742K, capacity 16102K, committed 16256K, reserved 1062912K
  class space    used 2220K, capacity 2339K, committed 2432K, reserved 1048576K
Event: 1.486 GC heap after
Heap after GC invocations=3 (full 0):
 PSYoungGen      total 38400K, used 5104K [0x00000000e0000000, 0x00000000e2a80000, 0x0000000100000000)
  eden space 33280K, 0% used [0x00000000e0000000,0x00000000e0000000,0x00000000e2080000)
  from space 5120K, 99% used [0x00000000e2080000,0x00000000e257c030,0x00000000e2580000)
  to   space 5120K, 0% used [0x00000000e2580000,0x00000000e2580000,0x00000000e2a80000)
 ParOldGen       total 87552K, used 4051K [0x00000000a0000000, 0x00000000a5580000, 0x00000000e0000000)
  object space 87552K, 4% used [0x00000000a0000000,0x00000000a03f4de8,0x00000000a5580000)
 Metaspace       used 15742K, capacity 16102K, committed 16256K, reserved 1062912K
  class space    used 2220K, capacity 2339K, committed 2432K, reserved 1048576K
}

Deoptimization events (10 events):
Event: 1.278 Thread 0x000000001cca6800 Uncommon trap: reason=class_check action=maybe_recompile pc=0x000000000546981c method=java.util.regex.Matcher.match(II)Z @ 86
Event: 1.317 Thread 0x000000001cca6800 Uncommon trap: reason=unstable_if action=reinterpret pc=0x0000000005643574 method=java.lang.String.lastIndexOf([CII[CIII)I @ 66
Event: 1.489 Thread 0x000000001cca6800 Uncommon trap: reason=unstable_if action=reinterpret pc=0x000000000535c908 method=java.net.URI.match(CJJ)Z @ 19
Event: 1.489 Thread 0x000000001cca6800 Uncommon trap: reason=unstable_if action=reinterpret pc=0x0000000005497b80 method=java.net.URI.match(CJJ)Z @ 19
Event: 1.592 Thread 0x000000001cca6800 Uncommon trap: reason=unstable_if action=reinterpret pc=0x00000000054c82d0 method=java.lang.AbstractStringBuilder.append(Ljava/lang/String;)Ljava/lang/AbstractStringBuilder; @ 1
Event: 1.592 Thread 0x000000001cca6800 Uncommon trap: reason=unstable_if action=reinterpret pc=0x0000000005425eb4 method=java.lang.AbstractStringBuilder.append(Ljava/lang/String;)Ljava/lang/AbstractStringBuilder; @ 1
Event: 1.652 Thread 0x000000001cca6800 Uncommon trap: reason=class_check action=maybe_recompile pc=0x00000000053bc960 method=java.lang.String.equals(Ljava/lang/Object;)Z @ 8
Event: 1.652 Thread 0x000000001cca6800 Uncommon trap: reason=class_check action=maybe_recompile pc=0x00000000053bc960 method=java.lang.String.equals(Ljava/lang/Object;)Z @ 8
Event: 1.653 Thread 0x000000001cca6800 Uncommon trap: reason=class_check action=maybe_recompile pc=0x00000000053bc960 method=java.lang.String.equals(Ljava/lang/Object;)Z @ 8
Event: 1.653 Thread 0x000000001cca6800 Uncommon trap: reason=class_check action=maybe_recompile pc=0x00000000053bc960 method=java.lang.String.equals(Ljava/lang/Object;)Z @ 8

Classes redefined (0 events):
No events

Internal exceptions (10 events):
Event: 1.101 Thread 0x000000001cb9f000 Exception <a 'java/lang/NoSuchMethodError': <clinit>> (0x00000000e1a84a68) thrown at [D:\src\AOSP-openjdk-cygwin\jdk8u\hotspot\src\share\vm\prims\jni.cpp, line 1613]
Event: 1.104 Thread 0x000000001cb9f000 Exception <a 'java/lang/NoSuchMethodError': <clinit>> (0x00000000e1aa86d8) thrown at [D:\src\AOSP-openjdk-cygwin\jdk8u\hotspot\src\share\vm\prims\jni.cpp, line 1613]
Event: 1.117 Thread 0x000000001cca6800 Exception <a 'java/lang/NoSuchMethodError': <clinit>> (0x00000000e1b9c690) thrown at [D:\src\AOSP-openjdk-cygwin\jdk8u\hotspot\src\share\vm\prims\jni.cpp, line 1613]
Event: 1.117 Thread 0x000000001cca6800 Exception <a 'java/lang/NoSuchMethodError': <clinit>> (0x00000000e1ba4918) thrown at [D:\src\AOSP-openjdk-cygwin\jdk8u\hotspot\src\share\vm\prims\jni.cpp, line 1613]
Event: 1.521 Thread 0x000000001cca6800 Exception <a 'java/lang/NoSuchMethodError': <clinit>> (0x00000000e0357368) thrown at [D:\src\AOSP-openjdk-cygwin\jdk8u\hotspot\src\share\vm\prims\jni.cpp, line 1613]
Event: 1.521 Thread 0x000000001cca6800 Exception <a 'java/lang/NoSuchMethodError': <clinit>> (0x00000000e0359d08) thrown at [D:\src\AOSP-openjdk-cygwin\jdk8u\hotspot\src\share\vm\prims\jni.cpp, line 1613]
Event: 1.522 Thread 0x000000001cca6800 Exception <a 'java/lang/NoSuchMethodError': <clinit>> (0x00000000e0367550) thrown at [D:\src\AOSP-openjdk-cygwin\jdk8u\hotspot\src\share\vm\prims\jni.cpp, line 1613]
Event: 1.523 Thread 0x000000001cca6800 Exception <a 'java/lang/NoSuchMethodError': <clinit>> (0x00000000e0372cd0) thrown at [D:\src\AOSP-openjdk-cygwin\jdk8u\hotspot\src\share\vm\prims\jni.cpp, line 1613]
Event: 1.592 Thread 0x000000001cca6800 Implicit null exception at 0x00000000054c7f19 to 0x00000000054c82b9
Event: 1.592 Thread 0x000000001cca6800 Implicit null exception at 0x0000000005425b16 to 0x0000000005425e9d

Events (10 events):
Event: 1.685 loading class com/google/common/collect/HashMultiset
Event: 1.685 loading class com/google/common/collect/HashMultiset done
Event: 1.686 loading class com/google/common/collect/AbstractMapBasedMultiset
Event: 1.686 loading class com/google/common/collect/AbstractMapBasedMultiset done
Event: 1.686 loading class com/google/common/collect/AbstractMultiset
Event: 1.686 loading class com/google/common/collect/AbstractMultiset done
Event: 1.687 loading class com/google/common/collect/Multisets
Event: 1.687 loading class com/google/common/collect/Multisets done
Event: 1.688 loading class com/google/common/collect/SortedMultiset
Event: 1.688 loading class com/google/common/collect/SortedMultiset done


Dynamic libraries:
0x00007ff6b2cb0000 - 0x00007ff6b2ce1000 	D:\Android Studio\jre\bin\java.exe
0x00007ffd64fd0000 - 0x00007ffd651b0000 	C:\WINDOWS\SYSTEM32\ntdll.dll
0x00007ffd62a00000 - 0x00007ffd62aae000 	C:\WINDOWS\System32\KERNEL32.DLL
0x00007ffd61cf0000 - 0x00007ffd61f56000 	C:\WINDOWS\System32\KERNELBASE.dll
0x00007ffd62d90000 - 0x00007ffd62e31000 	C:\WINDOWS\System32\ADVAPI32.dll
0x00007ffd62800000 - 0x00007ffd6289d000 	C:\WINDOWS\System32\msvcrt.dll
0x00007ffd647c0000 - 0x00007ffd6481b000 	C:\WINDOWS\System32\sechost.dll
0x00007ffd645f0000 - 0x00007ffd6470f000 	C:\WINDOWS\System32\RPCRT4.dll
0x00007ffd62c00000 - 0x00007ffd62d8f000 	C:\WINDOWS\System32\USER32.dll
0x00007ffd61f60000 - 0x00007ffd61f80000 	C:\WINDOWS\System32\win32u.dll
0x00007ffd62900000 - 0x00007ffd62928000 	C:\WINDOWS\System32\GDI32.dll
0x00007ffd62030000 - 0x00007ffd621c3000 	C:\WINDOWS\System32\gdi32full.dll
0x00007ffd623b0000 - 0x00007ffd6244b000 	C:\WINDOWS\System32\msvcp_win.dll
0x00007ffd62250000 - 0x00007ffd62346000 	C:\WINDOWS\System32\ucrtbase.dll
0x00007ffd598f0000 - 0x00007ffd59b59000 	C:\WINDOWS\WinSxS\amd64_microsoft.windows.common-controls_6595b64144ccf1df_6.0.16299.248_none_15ced204935f55d7\COMCTL32.dll
0x00007ffd62e40000 - 0x00007ffd63148000 	C:\WINDOWS\System32\combase.dll
0x00007ffd621d0000 - 0x00007ffd62242000 	C:\WINDOWS\System32\bcryptPrimitives.dll
0x00007ffd625b0000 - 0x00007ffd625dd000 	C:\WINDOWS\System32\IMM32.DLL
0x00000000521f0000 - 0x00000000522c2000 	D:\Android Studio\jre\jre\bin\msvcr100.dll
0x00000000523b0000 - 0x0000000052bee000 	D:\Android Studio\jre\jre\bin\server\jvm.dll
0x00007ffd64f90000 - 0x00007ffd64f98000 	C:\WINDOWS\System32\PSAPI.DLL
0x00007ffd52af0000 - 0x00007ffd52af9000 	C:\WINDOWS\SYSTEM32\WSOCK32.dll
0x00007ffd5f520000 - 0x00007ffd5f543000 	C:\WINDOWS\SYSTEM32\WINMM.dll
0x00007ffd5c980000 - 0x00007ffd5c98a000 	C:\WINDOWS\SYSTEM32\VERSION.dll
0x00007ffd64e80000 - 0x00007ffd64eec000 	C:\WINDOWS\System32\WS2_32.dll
0x00007ffd5f400000 - 0x00007ffd5f42a000 	C:\WINDOWS\SYSTEM32\WINMMBASE.dll
0x00007ffd62450000 - 0x00007ffd6249a000 	C:\WINDOWS\System32\cfgmgr32.dll
0x00007ffd52790000 - 0x00007ffd5279f000 	D:\Android Studio\jre\jre\bin\verify.dll
0x00007ffd3e500000 - 0x00007ffd3e529000 	D:\Android Studio\jre\jre\bin\java.dll
0x00007ffd39ab0000 - 0x00007ffd39ac6000 	D:\Android Studio\jre\jre\bin\zip.dll
0x00007ffd631b0000 - 0x00007ffd645e6000 	C:\WINDOWS\System32\SHELL32.dll
0x00007ffd64710000 - 0x00007ffd647b6000 	C:\WINDOWS\System32\shcore.dll
0x00007ffd615a0000 - 0x00007ffd61ce7000 	C:\WINDOWS\System32\windows.storage.dll
0x00007ffd63150000 - 0x00007ffd631a1000 	C:\WINDOWS\System32\shlwapi.dll
0x00007ffd61320000 - 0x00007ffd61331000 	C:\WINDOWS\System32\kernel.appcore.dll
0x00007ffd61380000 - 0x00007ffd613cc000 	C:\WINDOWS\System32\powrprof.dll
0x00007ffd61360000 - 0x00007ffd6137b000 	C:\WINDOWS\System32\profapi.dll
0x00007ffd39a90000 - 0x00007ffd39aaa000 	D:\Android Studio\jre\jre\bin\net.dll
0x00007ffd60bb0000 - 0x00007ffd60c16000 	C:\WINDOWS\system32\mswsock.dll
0x00007ffd39a70000 - 0x00007ffd39a81000 	D:\Android Studio\jre\jre\bin\nio.dll
0x00007ffd58240000 - 0x00007ffd5825e000 	C:\Users\cczec\.gradle\native\25\windows-amd64\native-platform.dll
0x00007ffd4e9a0000 - 0x00007ffd4e9ad000 	D:\Android Studio\jre\jre\bin\management.dll
0x00007ffd60d70000 - 0x00007ffd60d87000 	C:\WINDOWS\SYSTEM32\CRYPTSP.dll
0x00007ffd607c0000 - 0x00007ffd607f3000 	C:\WINDOWS\system32\rsaenh.dll
0x00007ffd60e80000 - 0x00007ffd60ea5000 	C:\WINDOWS\SYSTEM32\bcrypt.dll
0x00007ffd61250000 - 0x00007ffd61279000 	C:\WINDOWS\SYSTEM32\USERENV.dll
0x00007ffd60d90000 - 0x00007ffd60d9b000 	C:\WINDOWS\SYSTEM32\CRYPTBASE.dll
0x00007ffd60940000 - 0x00007ffd60979000 	C:\WINDOWS\SYSTEM32\IPHLPAPI.DLL
0x00007ffd64a10000 - 0x00007ffd64a18000 	C:\WINDOWS\System32\NSI.dll
0x00007ffd5c8d0000 - 0x00007ffd5c8e6000 	C:\WINDOWS\SYSTEM32\dhcpcsvc6.DLL
0x00007ffd5c8b0000 - 0x00007ffd5c8ca000 	C:\WINDOWS\SYSTEM32\dhcpcsvc.DLL

VM Arguments:
jvm_args: -Xmx1536m -Dfile.encoding=windows-1252 -Duser.country=US -Duser.language=en -Duser.variant 
java_command: org.gradle.launcher.daemon.bootstrap.GradleDaemon 4.1
java_class_path (initial): C:\Users\cczec\.gradle\wrapper\dists\gradle-4.1-all\bzyivzo6n839fup2jbap0tjew\gradle-4.1\lib\gradle-launcher-4.1.jar
Launcher Type: SUN_STANDARD

Environment Variables:
PATH=C:\Program Files\NVIDIA GPU Computing Toolkit\CUDA\v9.1\bin;C:\Program Files\NVIDIA GPU Computing Toolkit\CUDA\v9.1\libnvvp;C:\ProgramData\Oracle\Java\javapath;C:\WINDOWS\system32;C:\WINDOWS;C:\WINDOWS\System32\Wbem;C:\WINDOWS\System32\WindowsPowerShell\v1.0\;C:\Program Files (x86)\GtkSharp\2.12\bin;C:\Users\cczec\AppData\Local\Microsoft\WindowsApps;C:\adb;C:\WINDOWS\system32;C:\WINDOWS;C:\WINDOWS\System32\Wbem;C:\WINDOWS\System32\WindowsPowerShell\v1.0\;D:\Matlab\runtime\win64;D:\Matlab\bin;C:\Program Files (x86)\NVIDIA Corporation\PhysX\Common;C:\Users\cczec\AppData\Local\Microsoft\WindowsApps;C:\Users\cczec\AppData\Local\GitHubDesktop\bin
USERNAME=cczec
OS=Windows_NT
PROCESSOR_IDENTIFIER=Intel64 Family 6 Model 42 Stepping 7, GenuineIntel



---------------  S Y S T E M  ---------------

OS: Windows 10.0 , 64 bit Build 16299 (10.0.16299.15)

CPU:total 8 (initial active 8) (4 cores per cpu, 2 threads per core) family 6 model 42 stepping 7, cmov, cx8, fxsr, mmx, sse, sse2, sse3, ssse3, sse4.1, sse4.2, popcnt, avx, aes, clmul, ht, tsc, tscinvbit

Memory: 4k page, physical 8279236k(2324324k free), swap 8279236k(5260k free)

vm_info: OpenJDK 64-Bit Server VM (25.152-b01) for windows-amd64 JRE (1.8.0_152-release-915-b01), built by "builder" with MS VC++ 10.0 (VS2010)

time: Thu Feb 15 20:06:31 2018
elapsed time: 1 seconds (0d 0h 0m 1s)

