#
# There is insufficient memory for the Java Runtime Environment to continue.
# Native memory allocation (malloc) failed to allocate 534256 bytes for Chunk::new
# Possible reasons:
#   The system is out of physical RAM or swap space
#   In 32 bit mode, the process size limit was hit
# Possible solutions:
#   Reduce memory load on the system
#   Increase physical memory or swap space
#   Check if swap backing store is full
#   Use 64 bit Java on a 64 bit OS
#   Decrease Java heap size (-Xmx/-Xms)
#   Decrease number of Java threads
#   Decrease Java thread stack sizes (-Xss)
#   Set larger code cache with -XX:ReservedCodeCacheSize=
# This output file may be truncated or incomplete.
#
#  Out of Memory Error (allocation.cpp:390), pid=5688, tid=0x000000000000044c
#
# JRE version: OpenJDK Runtime Environment (8.0_152-b01) (build 1.8.0_152-release-915-b01)
# Java VM: OpenJDK 64-Bit Server VM (25.152-b01 mixed mode windows-amd64 compressed oops)
# Failed to write core dump. Minidumps are not enabled by default on client versions of Windows
#

---------------  T H R E A D  ---------------

Current thread (0x000000001a2e9800):  JavaThread "C2 CompilerThread0" daemon [_thread_in_native, id=1100, stack(0x000000001aab0000,0x000000001abb0000)]

Stack: [0x000000001aab0000,0x000000001abb0000]
[error occurred during error reporting (printing stack bounds), id 0xc0000005]

Native frames: (J=compiled Java code, j=interpreted, Vv=VM code, C=native code)


Current CompileTask:
C2:  26656 8801       4       org.apache.ivy.core.IvyPatternHelper::substituteTokens (638 bytes)


---------------  P R O C E S S  ---------------

Java Threads: ( => current thread )
  0x000000002218b800 JavaThread "Cache worker for Artifact transforms cache (C:\Users\cczec\.gradle\caches\transforms-1)" [_thread_blocked, id=5868, stack(0x0000000037660000,0x0000000037760000)]
  0x0000000022188800 JavaThread "Cache worker for file hash cache (D:\Documents\Github\OrderingApplication\RUAutomation\.gradle\4.1\fileHashes)" [_thread_blocked, id=8484, stack(0x0000000037560000,0x0000000037660000)]
  0x0000000022181000 JavaThread "Stdin handler" [_thread_blocked, id=5820, stack(0x0000000037460000,0x0000000037560000)]
  0x0000000022185800 JavaThread "Asynchronous log dispatcher for DefaultDaemonConnection: socket connection from /127.0.0.1:50644 to /127.0.0.1:50746" [_thread_blocked, id=9116, stack(0x0000000037360000,0x0000000037460000)]
  0x0000000022188000 JavaThread "Cancel handler" [_thread_blocked, id=1400, stack(0x0000000037260000,0x0000000037360000)]
  0x0000000022180800 JavaThread "Handler for socket connection from /127.0.0.1:50644 to /127.0.0.1:50746" [_thread_in_native, id=2584, stack(0x0000000037160000,0x0000000037260000)]
  0x0000000022185000 JavaThread "ForkJoinPool.commonPool-worker-1" daemon [_thread_blocked, id=6392, stack(0x0000000036f60000,0x0000000037060000)]
  0x000000001cd79000 JavaThread "Memory manager" [_thread_blocked, id=4500, stack(0x0000000024c00000,0x0000000024d00000)]
  0x000000001cd80000 JavaThread "pool-1-thread-1" [_thread_blocked, id=768, stack(0x0000000024b00000,0x0000000024c00000)]
  0x000000001ca53800 JavaThread "File lock request listener" [_thread_in_native, id=7512, stack(0x000000001ead0000,0x000000001ebd0000)]
  0x000000001ca51000 JavaThread "Cache worker for file hash cache (C:\Users\cczec\.gradle\caches\4.1\fileHashes)" [_thread_blocked, id=6284, stack(0x000000001e9d0000,0x000000001ead0000)]
  0x000000001c5b1800 JavaThread "Daemon worker" [_thread_in_Java, id=6480, stack(0x000000001e5d0000,0x000000001e6d0000)]
  0x000000001bd87000 JavaThread "Daemon" [_thread_blocked, id=8236, stack(0x000000001e0d0000,0x000000001e1d0000)]
  0x000000001beb6800 JavaThread "Daemon periodic checks" [_thread_blocked, id=8024, stack(0x000000001dfd0000,0x000000001e0d0000)]
  0x000000001c150800 JavaThread "Incoming local TCP Connector on port 50644" [_thread_in_native, id=7668, stack(0x000000001dd90000,0x000000001de90000)]
  0x000000001a392000 JavaThread "Service Thread" daemon [_thread_blocked, id=2892, stack(0x000000001aeb0000,0x000000001afb0000)]
  0x00000000183cd000 JavaThread "C1 CompilerThread3" daemon [_thread_blocked, id=4840, stack(0x000000001adb0000,0x000000001aeb0000)]
  0x000000001a2f1000 JavaThread "C2 CompilerThread2" daemon [_thread_in_native, id=4768, stack(0x000000001acb0000,0x000000001adb0000)]
  0x000000001a2ed000 JavaThread "C2 CompilerThread1" daemon [_thread_in_native, id=8292, stack(0x000000001abb0000,0x000000001acb0000)]
=>0x000000001a2e9800 JavaThread "C2 CompilerThread0" daemon [_thread_in_native, id=1100, stack(0x000000001aab0000,0x000000001abb0000)]
  0x000000001a2e8000 JavaThread "Attach Listener" daemon [_thread_blocked, id=8812, stack(0x000000001a9b0000,0x000000001aab0000)]
  0x000000001a2f6800 JavaThread "Signal Dispatcher" daemon [_thread_blocked, id=9160, stack(0x000000001a8b0000,0x000000001a9b0000)]
  0x000000001a2e0800 JavaThread "Finalizer" daemon [_thread_blocked, id=4572, stack(0x000000001a6c0000,0x000000001a7c0000)]
  0x00000000045f7000 JavaThread "Reference Handler" daemon [_thread_blocked, id=1444, stack(0x000000001a1c0000,0x000000001a2c0000)]
  0x00000000043ed800 JavaThread "main" [_thread_blocked, id=3384, stack(0x0000000004400000,0x0000000004500000)]

Other Threads:
  0x00000000183b7800 VMThread [stack: 0x000000001a0c0000,0x000000001a1c0000] [id=1812]
  0x000000001a339000 WatcherThread [stack: 0x000000001afb0000,0x000000001b0b0000] [id=6936]

VM state:not at safepoint (normal execution)

VM Mutex/Monitor currently owned by a thread: None

Heap:
 PSYoungGen      total 293376K, used 81401K [0x00000000e0000000, 0x00000000f3b00000, 0x0000000100000000)
  eden space 267264K, 30% used [0x00000000e0000000,0x00000000e4f7e6b0,0x00000000f0500000)
  from space 26112K, 0% used [0x00000000f1f00000,0x00000000f1f00000,0x00000000f3880000)
  to   space 26624K, 0% used [0x00000000f0500000,0x00000000f0500000,0x00000000f1f00000)
 ParOldGen       total 138752K, used 35596K [0x00000000a0000000, 0x00000000a8780000, 0x00000000e0000000)
  object space 138752K, 25% used [0x00000000a0000000,0x00000000a22c30e0,0x00000000a8780000)
 Metaspace       used 60846K, capacity 63468K, committed 63576K, reserved 1103872K
  class space    used 8124K, capacity 8732K, committed 8832K, reserved 1048576K

Card table byte_map: [0x00000000139c0000,0x0000000013cd0000] byte_map_base: 0x00000000134c0000

Marking Bits: (ParMarkBitMap*) 0x0000000052b73950
 Begin Bits: [0x00000000146d0000, 0x0000000015ed0000)
 End Bits:   [0x0000000015ed0000, 0x00000000176d0000)

Polling page: 0x0000000004350000

CodeCache: size=245760Kb used=24985Kb max_used=24985Kb free=220774Kb
 bounds [0x0000000004600000, 0x0000000005e90000, 0x0000000013600000]
 total_blobs=8408 nmethods=7615 adapters=705
 compilation: enabled

Compilation events (10 events):
Event: 26.644 Thread 0x00000000183cd000 8944       3       com.sun.org.apache.xerces.internal.impl.dtd.XMLDTDValidator::reset (297 bytes)
Event: 26.647 Thread 0x00000000183cd000 nmethod 8944 0x0000000005e7c690 code [0x0000000005e7cb60, 0x0000000005e808a8]
Event: 26.647 Thread 0x00000000183cd000 8948       3       com.sun.xml.internal.stream.util.BufferAllocator::getCharBuffer (59 bytes)
Event: 26.647 Thread 0x00000000183cd000 nmethod 8948 0x0000000005e6bfd0 code [0x0000000005e6c140, 0x0000000005e6c3f0]
Event: 26.647 Thread 0x00000000183cd000 8945       3       com.sun.org.apache.xerces.internal.impl.dtd.DTDGrammarBucket::clear (20 bytes)
Event: 26.648 Thread 0x00000000183cd000 nmethod 8945 0x0000000005e73150 code [0x0000000005e732c0, 0x0000000005e73508]
Event: 26.648 Thread 0x00000000183cd000 8946       3       com.sun.org.apache.xerces.internal.impl.validation.ValidationState::setUsingNamespaces (6 bytes)
Event: 26.648 Thread 0x00000000183cd000 nmethod 8946 0x0000000005e72e50 code [0x0000000005e72fa0, 0x0000000005e730f0]
Event: 26.648 Thread 0x00000000183cd000 8947   !   3       com.sun.org.apache.xerces.internal.impl.dtd.XMLDTDValidator::init (138 bytes)
Event: 26.648 Thread 0x00000000183cd000 nmethod 8947 0x0000000005e71dd0 code [0x0000000005e71fe0, 0x0000000005e72a28]

GC Heap History (10 events):
Event: 10.789 GC heap before
{Heap before GC invocations=13 (full 2):
 PSYoungGen      total 165376K, used 165344K [0x00000000e0000000, 0x00000000ec280000, 0x0000000100000000)
  eden space 149504K, 100% used [0x00000000e0000000,0x00000000e9200000,0x00000000e9200000)
  from space 15872K, 99% used [0x00000000ea600000,0x00000000eb578230,0x00000000eb580000)
  to   space 20480K, 0% used [0x00000000e9200000,0x00000000e9200000,0x00000000ea600000)
 ParOldGen       total 107008K, used 28267K [0x00000000a0000000, 0x00000000a6880000, 0x00000000e0000000)
  object space 107008K, 26% used [0x00000000a0000000,0x00000000a1b9afa0,0x00000000a6880000)
 Metaspace       used 55784K, capacity 57932K, committed 58072K, reserved 1099776K
  class space    used 7564K, capacity 8086K, committed 8192K, reserved 1048576K
Event: 10.807 GC heap after
Heap after GC invocations=13 (full 2):
 PSYoungGen      total 169984K, used 20186K [0x00000000e0000000, 0x00000000edd80000, 0x0000000100000000)
  eden space 149504K, 0% used [0x00000000e0000000,0x00000000e0000000,0x00000000e9200000)
  from space 20480K, 98% used [0x00000000e9200000,0x00000000ea5b6b48,0x00000000ea600000)
  to   space 23040K, 0% used [0x00000000ec700000,0x00000000ec700000,0x00000000edd80000)
 ParOldGen       total 107008K, used 28275K [0x00000000a0000000, 0x00000000a6880000, 0x00000000e0000000)
  object space 107008K, 26% used [0x00000000a0000000,0x00000000a1b9cfa0,0x00000000a6880000)
 Metaspace       used 55784K, capacity 57932K, committed 58072K, reserved 1099776K
  class space    used 7564K, capacity 8086K, committed 8192K, reserved 1048576K
}
Event: 11.389 GC heap before
{Heap before GC invocations=14 (full 2):
 PSYoungGen      total 169984K, used 169547K [0x00000000e0000000, 0x00000000edd80000, 0x0000000100000000)
  eden space 149504K, 99% used [0x00000000e0000000,0x00000000e91dc208,0x00000000e9200000)
  from space 20480K, 98% used [0x00000000e9200000,0x00000000ea5b6b48,0x00000000ea600000)
  to   space 23040K, 0% used [0x00000000ec700000,0x00000000ec700000,0x00000000edd80000)
 ParOldGen       total 107008K, used 28275K [0x00000000a0000000, 0x00000000a6880000, 0x00000000e0000000)
  object space 107008K, 26% used [0x00000000a0000000,0x00000000a1b9cfa0,0x00000000a6880000)
 Metaspace       used 56196K, capacity 58422K, committed 58584K, reserved 1099776K
  class space    used 7600K, capacity 8131K, committed 8192K, reserved 1048576K
Event: 11.401 GC heap after
Heap after GC invocations=14 (full 2):
 PSYoungGen      total 201728K, used 19850K [0x00000000e0000000, 0x00000000ee680000, 0x0000000100000000)
  eden space 178688K, 0% used [0x00000000e0000000,0x00000000e0000000,0x00000000eae80000)
  from space 23040K, 86% used [0x00000000ec700000,0x00000000eda62b20,0x00000000edd80000)
  to   space 25088K, 0% used [0x00000000eae80000,0x00000000eae80000,0x00000000ec700000)
 ParOldGen       total 107008K, used 28283K [0x00000000a0000000, 0x00000000a6880000, 0x00000000e0000000)
  object space 107008K, 26% used [0x00000000a0000000,0x00000000a1b9efa0,0x00000000a6880000)
 Metaspace       used 56196K, capacity 58422K, committed 58584K, reserved 1099776K
  class space    used 7600K, capacity 8131K, committed 8192K, reserved 1048576K
}
Event: 11.422 GC heap before
{Heap before GC invocations=15 (full 2):
 PSYoungGen      total 201728K, used 198217K [0x00000000e0000000, 0x00000000ee680000, 0x0000000100000000)
  eden space 178688K, 99% used [0x00000000e0000000,0x00000000eae2fc38,0x00000000eae80000)
  from space 23040K, 86% used [0x00000000ec700000,0x00000000eda62b20,0x00000000edd80000)
  to   space 25088K, 0% used [0x00000000eae80000,0x00000000eae80000,0x00000000ec700000)
 ParOldGen       total 107008K, used 28283K [0x00000000a0000000, 0x00000000a6880000, 0x00000000e0000000)
  object space 107008K, 26% used [0x00000000a0000000,0x00000000a1b9efa0,0x00000000a6880000)
 Metaspace       used 56205K, capacity 58422K, committed 58584K, reserved 1099776K
  class space    used 7600K, capacity 8131K, committed 8192K, reserved 1048576K
Event: 11.432 GC heap after
Heap after GC invocations=15 (full 2):
 PSYoungGen      total 203776K, used 18190K [0x00000000e0000000, 0x00000000f3880000, 0x0000000100000000)
  eden space 178688K, 0% used [0x00000000e0000000,0x00000000e0000000,0x00000000eae80000)
  from space 25088K, 72% used [0x00000000eae80000,0x00000000ec043ac0,0x00000000ec700000)
  to   space 26112K, 0% used [0x00000000f1f00000,0x00000000f1f00000,0x00000000f3880000)
 ParOldGen       total 107008K, used 28291K [0x00000000a0000000, 0x00000000a6880000, 0x00000000e0000000)
  object space 107008K, 26% used [0x00000000a0000000,0x00000000a1ba0fa0,0x00000000a6880000)
 Metaspace       used 56205K, capacity 58422K, committed 58584K, reserved 1099776K
  class space    used 7600K, capacity 8131K, committed 8192K, reserved 1048576K
}
Event: 11.510 GC heap before
{Heap before GC invocations=16 (full 2):
 PSYoungGen      total 203776K, used 41632K [0x00000000e0000000, 0x00000000f3880000, 0x0000000100000000)
  eden space 178688K, 13% used [0x00000000e0000000,0x00000000e16e4758,0x00000000eae80000)
  from space 25088K, 72% used [0x00000000eae80000,0x00000000ec043ac0,0x00000000ec700000)
  to   space 26112K, 0% used [0x00000000f1f00000,0x00000000f1f00000,0x00000000f3880000)
 ParOldGen       total 107008K, used 28291K [0x00000000a0000000, 0x00000000a6880000, 0x00000000e0000000)
  object space 107008K, 26% used [0x00000000a0000000,0x00000000a1ba0fa0,0x00000000a6880000)
 Metaspace       used 56582K, capacity 58798K, committed 58968K, reserved 1099776K
  class space    used 7656K, capacity 8207K, committed 8320K, reserved 1048576K
Event: 11.521 GC heap after
Heap after GC invocations=16 (full 2):
 PSYoungGen      total 293376K, used 17828K [0x00000000e0000000, 0x00000000f3b00000, 0x0000000100000000)
  eden space 267264K, 0% used [0x00000000e0000000,0x00000000e0000000,0x00000000f0500000)
  from space 26112K, 68% used [0x00000000f1f00000,0x00000000f3069300,0x00000000f3880000)
  to   space 26624K, 0% used [0x00000000f0500000,0x00000000f0500000,0x00000000f1f00000)
 ParOldGen       total 107008K, used 28299K [0x00000000a0000000, 0x00000000a6880000, 0x00000000e0000000)
  object space 107008K, 26% used [0x00000000a0000000,0x00000000a1ba2fa0,0x00000000a6880000)
 Metaspace       used 56582K, capacity 58798K, committed 58968K, reserved 1099776K
  class space    used 7656K, capacity 8207K, committed 8320K, reserved 1048576K
}
Event: 11.521 GC heap before
{Heap before GC invocations=17 (full 3):
 PSYoungGen      total 293376K, used 17828K [0x00000000e0000000, 0x00000000f3b00000, 0x0000000100000000)
  eden space 267264K, 0% used [0x00000000e0000000,0x00000000e0000000,0x00000000f0500000)
  from space 26112K, 68% used [0x00000000f1f00000,0x00000000f3069300,0x00000000f3880000)
  to   space 26624K, 0% used [0x00000000f0500000,0x00000000f0500000,0x00000000f1f00000)
 ParOldGen       total 107008K, used 28299K [0x00000000a0000000, 0x00000000a6880000, 0x00000000e0000000)
  object space 107008K, 26% used [0x00000000a0000000,0x00000000a1ba2fa0,0x00000000a6880000)
 Metaspace       used 56582K, capacity 58798K, committed 58968K, reserved 1099776K
  class space    used 7656K, capacity 8207K, committed 8320K, reserved 1048576K
Event: 11.717 GC heap after
Heap after GC invocations=17 (full 3):
 PSYoungGen      total 293376K, used 0K [0x00000000e0000000, 0x00000000f3b00000, 0x0000000100000000)
  eden space 267264K, 0% used [0x00000000e0000000,0x00000000e0000000,0x00000000f0500000)
  from space 26112K, 0% used [0x00000000f1f00000,0x00000000f1f00000,0x00000000f3880000)
  to   space 26624K, 0% used [0x00000000f0500000,0x00000000f0500000,0x00000000f1f00000)
 ParOldGen       total 138752K, used 35596K [0x00000000a0000000, 0x00000000a8780000, 0x00000000e0000000)
  object space 138752K, 25% used [0x00000000a0000000,0x00000000a22c30e0,0x00000000a8780000)
 Metaspace       used 56582K, capacity 58798K, committed 58968K, reserved 1099776K
  class space    used 7656K, capacity 8207K, committed 8320K, reserved 1048576K
}

Deoptimization events (10 events):
Event: 12.060 Thread 0x000000001c4ca000 Uncommon trap: reason=class_check action=maybe_recompile pc=0x000000000485e158 method=java.util.concurrent.locks.ReentrantLock.lock()V @ 4
Event: 12.062 Thread 0x000000001c529800 Uncommon trap: reason=class_check action=maybe_recompile pc=0x000000000485e158 method=java.util.concurrent.locks.ReentrantLock.lock()V @ 4
Event: 12.088 Thread 0x000000001bd87000 Uncommon trap: reason=predicate action=maybe_recompile pc=0x0000000005c1a058 method=java.util.TimSort.binarySort([Ljava/lang/Object;IIILjava/util/Comparator;)V @ 37
Event: 12.089 Thread 0x000000001bd87000 Uncommon trap: reason=unstable_if action=reinterpret pc=0x0000000005400da4 method=com.esotericsoftware.kryo.io.Output.writeBytes([BII)V @ 61
Event: 12.089 Thread 0x000000001bd87000 Uncommon trap: reason=unstable_if action=reinterpret pc=0x0000000005c85794 method=com.esotericsoftware.kryo.io.Output.writeBytes([BII)V @ 61
Event: 12.090 Thread 0x000000001bd87000 Uncommon trap: reason=unstable_if action=reinterpret pc=0x0000000004922e58 method=com.esotericsoftware.kryo.io.Output.writeBytes([BII)V @ 61
Event: 12.097 Thread 0x000000001bd88000 Uncommon trap: reason=unstable_if action=reinterpret pc=0x000000000513b2dc method=com.esotericsoftware.kryo.io.Input.require(I)I @ 117
Event: 21.088 Thread 0x000000001beb6800 Uncommon trap: reason=speculate_class_check action=maybe_recompile pc=0x000000000592cdd4 method=java.util.AbstractList.listIterator()Ljava/util/ListIterator; @ 2
Event: 26.394 Thread 0x0000000022188800 Uncommon trap: reason=bimorphic action=maybe_recompile pc=0x00000000059a68bc method=org.gradle.cache.internal.btree.FileBackedBlockStore$BlockImpl.read()V @ 77
Event: 26.492 Thread 0x000000001c5b1800 Uncommon trap: reason=bimorphic action=maybe_recompile pc=0x00000000059a68bc method=org.gradle.cache.internal.btree.FileBackedBlockStore$BlockImpl.read()V @ 77

Classes redefined (0 events):
No events

Internal exceptions (10 events):
Event: 12.087 Thread 0x000000001bd87000 Exception <a 'java/lang/NoSuchMethodError': <clinit>> (0x00000000e309d850) thrown at [D:\src\AOSP-openjdk-cygwin\jdk8u\hotspot\src\share\vm\prims\jni.cpp, line 1613]
Event: 12.088 Thread 0x000000001bd87000 Exception <a 'java/lang/NoSuchMethodError': <clinit>> (0x00000000e30a9bf0) thrown at [D:\src\AOSP-openjdk-cygwin\jdk8u\hotspot\src\share\vm\prims\jni.cpp, line 1613]
Event: 12.089 Thread 0x000000001bd87000 Exception <a 'java/lang/NoSuchMethodError': <clinit>> (0x00000000e30b4558) thrown at [D:\src\AOSP-openjdk-cygwin\jdk8u\hotspot\src\share\vm\prims\jni.cpp, line 1613]
Event: 12.090 Thread 0x000000001bd87000 Exception <a 'java/lang/NoSuchMethodError': <clinit>> (0x00000000e30bd2b0) thrown at [D:\src\AOSP-openjdk-cygwin\jdk8u\hotspot\src\share\vm\prims\jni.cpp, line 1613]
Event: 12.092 Thread 0x000000001bd87000 Exception <a 'java/lang/NoSuchMethodError': <clinit>> (0x00000000e30d4d90) thrown at [D:\src\AOSP-openjdk-cygwin\jdk8u\hotspot\src\share\vm\prims\jni.cpp, line 1613]
Event: 12.093 Thread 0x000000001bd87000 Exception <a 'java/lang/NoSuchMethodError': <clinit>> (0x00000000e30e7d68) thrown at [D:\src\AOSP-openjdk-cygwin\jdk8u\hotspot\src\share\vm\prims\jni.cpp, line 1613]
Event: 12.095 Thread 0x000000001bd87000 Exception <a 'java/lang/NoSuchMethodError': <clinit>> (0x00000000e30ec500) thrown at [D:\src\AOSP-openjdk-cygwin\jdk8u\hotspot\src\share\vm\prims\jni.cpp, line 1613]
Event: 12.097 Thread 0x000000001bd88000 Exception <a 'java/lang/NoSuchMethodError': <clinit>> (0x00000000e331d708) thrown at [D:\src\AOSP-openjdk-cygwin\jdk8u\hotspot\src\share\vm\prims\jni.cpp, line 1613]
Event: 26.443 Thread 0x000000001c5b1800 Exception <a 'java/lang/ClassNotFoundException': sync_local_repo544_bhlmelp2q4zfolnj8zodr465gBeanInfo> (0x00000000e3981620) thrown at [D:\src\AOSP-openjdk-cygwin\jdk8u\hotspot\src\share\vm\classfile\systemDictionary.cpp, line 210]
Event: 26.444 Thread 0x000000001c5b1800 Exception <a 'java/lang/ClassNotFoundException': sync_local_repo544_bhlmelp2q4zfolnj8zodr465gCustomizer> (0x00000000e398bc48) thrown at [D:\src\AOSP-openjdk-cygwin\jdk8u\hotspot\src\share\vm\classfile\systemDictionary.cpp, line 210]

Events (10 events):
Event: 26.492 Thread 0x000000001c5b1800 DEOPT PACKING pc=0x00000000059a68bc sp=0x000000001e6ca490
Event: 26.492 Thread 0x000000001c5b1800 DEOPT UNPACKING pc=0x000000000464556a sp=0x000000001e6ca370 mode 2
Event: 26.497 Thread 0x000000001c5b1800 DEOPT PACKING pc=0x00000000050fde00 sp=0x000000001e6ca6b0
Event: 26.498 Thread 0x000000001c5b1800 DEOPT UNPACKING pc=0x00000000046475bf sp=0x000000001e6ca5a8 mode 0
Event: 26.506 Thread 0x000000001c5b1800 DEOPT PACKING pc=0x00000000047faca8 sp=0x000000001e6ca840
Event: 26.506 Thread 0x000000001c5b1800 DEOPT UNPACKING pc=0x00000000046475bf sp=0x000000001e6ca690 mode 0
Event: 26.607 Thread 0x000000001c5b1800 DEOPT PACKING pc=0x00000000050fde00 sp=0x000000001e6ca6b0
Event: 26.607 Thread 0x000000001c5b1800 DEOPT UNPACKING pc=0x00000000046475bf sp=0x000000001e6ca5a8 mode 0
Event: 26.638 Thread 0x000000001c5b1800 DEOPT PACKING pc=0x00000000047faca8 sp=0x000000001e6c9e10
Event: 26.638 Thread 0x000000001c5b1800 DEOPT UNPACKING pc=0x00000000046475bf sp=0x000000001e6c9c60 mode 0


Dynamic libraries:
0x00007ff6b2cb0000 - 0x00007ff6b2ce1000 	D:\Android Studio\jre\bin\java.exe
0x00007ffd64fd0000 - 0x00007ffd651b0000 	C:\WINDOWS\SYSTEM32\ntdll.dll
0x00007ffd62a00000 - 0x00007ffd62aae000 	C:\WINDOWS\System32\KERNEL32.DLL
0x00007ffd61cf0000 - 0x00007ffd61f56000 	C:\WINDOWS\System32\KERNELBASE.dll
0x00007ffd62d90000 - 0x00007ffd62e31000 	C:\WINDOWS\System32\ADVAPI32.dll
0x00007ffd62800000 - 0x00007ffd6289d000 	C:\WINDOWS\System32\msvcrt.dll
0x00007ffd647c0000 - 0x00007ffd6481b000 	C:\WINDOWS\System32\sechost.dll
0x00007ffd645f0000 - 0x00007ffd6470f000 	C:\WINDOWS\System32\RPCRT4.dll
0x00007ffd62c00000 - 0x00007ffd62d8f000 	C:\WINDOWS\System32\USER32.dll
0x00007ffd61f60000 - 0x00007ffd61f80000 	C:\WINDOWS\System32\win32u.dll
0x00007ffd62900000 - 0x00007ffd62928000 	C:\WINDOWS\System32\GDI32.dll
0x00007ffd62030000 - 0x00007ffd621c3000 	C:\WINDOWS\System32\gdi32full.dll
0x00007ffd623b0000 - 0x00007ffd6244b000 	C:\WINDOWS\System32\msvcp_win.dll
0x00007ffd62250000 - 0x00007ffd62346000 	C:\WINDOWS\System32\ucrtbase.dll
0x00007ffd598f0000 - 0x00007ffd59b59000 	C:\WINDOWS\WinSxS\amd64_microsoft.windows.common-controls_6595b64144ccf1df_6.0.16299.248_none_15ced204935f55d7\COMCTL32.dll
0x00007ffd62e40000 - 0x00007ffd63148000 	C:\WINDOWS\System32\combase.dll
0x00007ffd621d0000 - 0x00007ffd62242000 	C:\WINDOWS\System32\bcryptPrimitives.dll
0x00007ffd625b0000 - 0x00007ffd625dd000 	C:\WINDOWS\System32\IMM32.DLL
0x00000000521f0000 - 0x00000000522c2000 	D:\Android Studio\jre\jre\bin\msvcr100.dll
0x00000000523b0000 - 0x0000000052bee000 	D:\Android Studio\jre\jre\bin\server\jvm.dll
0x00007ffd64f90000 - 0x00007ffd64f98000 	C:\WINDOWS\System32\PSAPI.DLL
0x00007ffd5f520000 - 0x00007ffd5f543000 	C:\WINDOWS\SYSTEM32\WINMM.dll
0x00007ffd52af0000 - 0x00007ffd52af9000 	C:\WINDOWS\SYSTEM32\WSOCK32.dll
0x00007ffd5c980000 - 0x00007ffd5c98a000 	C:\WINDOWS\SYSTEM32\VERSION.dll
0x00007ffd64e80000 - 0x00007ffd64eec000 	C:\WINDOWS\System32\WS2_32.dll
0x00007ffd5f400000 - 0x00007ffd5f42a000 	C:\WINDOWS\SYSTEM32\winmmbase.dll
0x00007ffd62450000 - 0x00007ffd6249a000 	C:\WINDOWS\System32\cfgmgr32.dll
0x00007ffd52790000 - 0x00007ffd5279f000 	D:\Android Studio\jre\jre\bin\verify.dll
0x00007ffd3e500000 - 0x00007ffd3e529000 	D:\Android Studio\jre\jre\bin\java.dll
0x00007ffd39ab0000 - 0x00007ffd39ac6000 	D:\Android Studio\jre\jre\bin\zip.dll
0x00007ffd631b0000 - 0x00007ffd645e6000 	C:\WINDOWS\System32\SHELL32.dll
0x00007ffd64710000 - 0x00007ffd647b6000 	C:\WINDOWS\System32\shcore.dll
0x00007ffd615a0000 - 0x00007ffd61ce7000 	C:\WINDOWS\System32\windows.storage.dll
0x00007ffd63150000 - 0x00007ffd631a1000 	C:\WINDOWS\System32\shlwapi.dll
0x00007ffd61320000 - 0x00007ffd61331000 	C:\WINDOWS\System32\kernel.appcore.dll
0x00007ffd61380000 - 0x00007ffd613cc000 	C:\WINDOWS\System32\powrprof.dll
0x00007ffd61360000 - 0x00007ffd6137b000 	C:\WINDOWS\System32\profapi.dll
0x00007ffd39a90000 - 0x00007ffd39aaa000 	D:\Android Studio\jre\jre\bin\net.dll
0x00007ffd60bb0000 - 0x00007ffd60c16000 	C:\WINDOWS\system32\mswsock.dll
0x00007ffd39a70000 - 0x00007ffd39a81000 	D:\Android Studio\jre\jre\bin\nio.dll
0x00007ffd58240000 - 0x00007ffd5825e000 	C:\Users\cczec\.gradle\native\25\windows-amd64\native-platform.dll
0x00007ffd4e9a0000 - 0x00007ffd4e9ad000 	D:\Android Studio\jre\jre\bin\management.dll
0x00007ffd60d70000 - 0x00007ffd60d87000 	C:\WINDOWS\SYSTEM32\CRYPTSP.dll
0x00007ffd607c0000 - 0x00007ffd607f3000 	C:\WINDOWS\system32\rsaenh.dll
0x00007ffd60e80000 - 0x00007ffd60ea5000 	C:\WINDOWS\SYSTEM32\bcrypt.dll
0x00007ffd61250000 - 0x00007ffd61279000 	C:\WINDOWS\SYSTEM32\USERENV.dll
0x00007ffd60d90000 - 0x00007ffd60d9b000 	C:\WINDOWS\SYSTEM32\CRYPTBASE.dll
0x00007ffd60940000 - 0x00007ffd60979000 	C:\WINDOWS\SYSTEM32\IPHLPAPI.DLL
0x00007ffd64a10000 - 0x00007ffd64a18000 	C:\WINDOWS\System32\NSI.dll
0x00007ffd5c8d0000 - 0x00007ffd5c8e6000 	C:\WINDOWS\SYSTEM32\dhcpcsvc6.DLL
0x00007ffd5c8b0000 - 0x00007ffd5c8ca000 	C:\WINDOWS\SYSTEM32\dhcpcsvc.DLL

VM Arguments:
jvm_args: -Xmx1536m -Dfile.encoding=windows-1252 -Duser.country=US -Duser.language=en -Duser.variant 
java_command: org.gradle.launcher.daemon.bootstrap.GradleDaemon 4.1
java_class_path (initial): C:\Users\cczec\.gradle\wrapper\dists\gradle-4.1-all\bzyivzo6n839fup2jbap0tjew\gradle-4.1\lib\gradle-launcher-4.1.jar
Launcher Type: SUN_STANDARD

Environment Variables:
PATH=C:\Program Files\NVIDIA GPU Computing Toolkit\CUDA\v9.1\bin;C:\Program Files\NVIDIA GPU Computing Toolkit\CUDA\v9.1\libnvvp;C:\ProgramData\Oracle\Java\javapath;C:\WINDOWS\system32;C:\WINDOWS;C:\WINDOWS\System32\Wbem;C:\WINDOWS\System32\WindowsPowerShell\v1.0\;C:\Program Files (x86)\GtkSharp\2.12\bin;C:\Users\cczec\AppData\Local\Microsoft\WindowsApps;C:\adb;C:\WINDOWS\system32;C:\WINDOWS;C:\WINDOWS\System32\Wbem;C:\WINDOWS\System32\WindowsPowerShell\v1.0\;D:\Matlab\runtime\win64;D:\Matlab\bin;C:\Program Files (x86)\NVIDIA Corporation\PhysX\Common;C:\Users\cczec\AppData\Local\Microsoft\WindowsApps;C:\Users\cczec\AppData\Local\GitHubDesktop\bin
USERNAME=cczec
OS=Windows_NT
PROCESSOR_IDENTIFIER=Intel64 Family 6 Model 42 Stepping 7, GenuineIntel



---------------  S Y S T E M  ---------------

OS: Windows 10.0 , 64 bit Build 16299 (10.0.16299.15)

CPU:total 8 (initial active 8) (4 cores per cpu, 2 threads per core) family 6 model 42 stepping 7, cmov, cx8, fxsr, mmx, sse, sse2, sse3, ssse3, sse4.1, sse4.2, popcnt, avx, aes, clmul, ht, tsc, tscinvbit

Memory: 4k page, physical 8279236k(2203052k free), swap 8279236k(3168k free)

vm_info: OpenJDK 64-Bit Server VM (25.152-b01) for windows-amd64 JRE (1.8.0_152-release-915-b01), built by "builder" with MS VC++ 10.0 (VS2010)

time: Thu Feb 15 20:05:41 2018
elapsed time: 26 seconds (0d 0h 0m 26s)

